{"/Users/metadata/TestingProjects/react-vitest/src/components/01-atoms/Logo/index.tsx": {"path":"/Users/metadata/TestingProjects/react-vitest/src/components/01-atoms/Logo/index.tsx","statementMap":{"0":{"start":{"line":4,"column":23},"end":{"line":6,"column":null}},"1":{"start":{"line":5,"column":4},"end":{"line":5,"column":null}}},"fnMap":{"0":{"name":"(anonymous_0)","decl":{"start":{"line":4,"column":23},"end":{"line":4,"column":29}},"loc":{"start":{"line":4,"column":29},"end":{"line":6,"column":null}}}},"branchMap":{},"s":{"0":3,"1":4},"f":{"0":4},"b":{}}
,"/Users/metadata/TestingProjects/react-vitest/src/components/02-molecules/NavBar.tsx": {"path":"/Users/metadata/TestingProjects/react-vitest/src/components/02-molecules/NavBar.tsx","statementMap":{"0":{"start":{"line":5,"column":25},"end":{"line":50,"column":null}},"1":{"start":{"line":6,"column":4},"end":{"line":48,"column":null}}},"fnMap":{"0":{"name":"(anonymous_0)","decl":{"start":{"line":5,"column":25},"end":{"line":5,"column":31}},"loc":{"start":{"line":5,"column":31},"end":{"line":50,"column":null}}}},"branchMap":{},"s":{"0":2,"1":3},"f":{"0":3},"b":{}}
,"/Users/metadata/TestingProjects/react-vitest/src/components/03-components/Header.tsx": {"path":"/Users/metadata/TestingProjects/react-vitest/src/components/03-components/Header.tsx","statementMap":{"0":{"start":{"line":7,"column":20},"end":{"line":7,"column":null}},"1":{"start":{"line":8,"column":19},"end":{"line":8,"column":null}},"2":{"start":{"line":9,"column":2},"end":{"line":16,"column":null}},"3":{"start":{"line":14,"column":38},"end":{"line":14,"column":null}}},"fnMap":{"0":{"name":"Header","decl":{"start":{"line":6,"column":24},"end":{"line":6,"column":33}},"loc":{"start":{"line":6,"column":33},"end":{"line":18,"column":null}}},"1":{"name":"(anonymous_1)","decl":{"start":{"line":14,"column":28},"end":{"line":14,"column":29}},"loc":{"start":{"line":14,"column":38},"end":{"line":14,"column":null}}}},"branchMap":{},"s":{"0":1,"1":1,"2":1,"3":0},"f":{"0":1,"1":0},"b":{}}
,"/Users/metadata/TestingProjects/react-vitest/src/components/03-components/ImageHero.tsx": {"path":"/Users/metadata/TestingProjects/react-vitest/src/components/03-components/ImageHero.tsx","statementMap":{"0":{"start":{"line":4,"column":18},"end":{"line":10,"column":null}},"1":{"start":{"line":5,"column":4},"end":{"line":8,"column":null}}},"fnMap":{"0":{"name":"(anonymous_0)","decl":{"start":{"line":4,"column":18},"end":{"line":4,"column":19}},"loc":{"start":{"line":4,"column":61},"end":{"line":10,"column":null}}}},"branchMap":{},"s":{"0":2,"1":2},"f":{"0":2},"b":{}}
,"/Users/metadata/TestingProjects/react-vitest/src/components/03-components/SearchBar.tsx": {"path":"/Users/metadata/TestingProjects/react-vitest/src/components/03-components/SearchBar.tsx","statementMap":{"0":{"start":{"line":4,"column":44},"end":{"line":47,"column":null}},"1":{"start":{"line":5,"column":40},"end":{"line":5,"column":null}},"2":{"start":{"line":6,"column":46},"end":{"line":6,"column":null}},"3":{"start":{"line":8,"column":35},"end":{"line":17,"column":null}},"4":{"start":{"line":9,"column":27},"end":{"line":9,"column":null}},"5":{"start":{"line":10,"column":8},"end":{"line":10,"column":null}},"6":{"start":{"line":13,"column":30},"end":{"line":15,"column":null}},"7":{"start":{"line":14,"column":8},"end":{"line":14,"column":null}},"8":{"start":{"line":16,"column":8},"end":{"line":16,"column":null}},"9":{"start":{"line":19,"column":32},"end":{"line":23,"column":null}},"10":{"start":{"line":20,"column":8},"end":{"line":20,"column":null}},"11":{"start":{"line":21,"column":8},"end":{"line":21,"column":null}},"12":{"start":{"line":22,"column":8},"end":{"line":22,"column":null}},"13":{"start":{"line":25,"column":4},"end":{"line":45,"column":null}},"14":{"start":{"line":36,"column":12},"end":{"line":42,"column":null}},"15":{"start":{"line":38,"column":29},"end":{"line":38,"column":null}}},"fnMap":{"0":{"name":"(anonymous_0)","decl":{"start":{"line":4,"column":44},"end":{"line":4,"column":45}},"loc":{"start":{"line":4,"column":73},"end":{"line":47,"column":null}}},"1":{"name":"(anonymous_1)","decl":{"start":{"line":8,"column":35},"end":{"line":8,"column":36}},"loc":{"start":{"line":8,"column":83},"end":{"line":17,"column":null}}},"2":{"name":"(anonymous_2)","decl":{"start":{"line":13,"column":43},"end":{"line":13,"column":44}},"loc":{"start":{"line":14,"column":8},"end":{"line":14,"column":null}}},"3":{"name":"(anonymous_3)","decl":{"start":{"line":19,"column":32},"end":{"line":19,"column":33}},"loc":{"start":{"line":19,"column":48},"end":{"line":23,"column":null}}},"4":{"name":"(anonymous_4)","decl":{"start":{"line":35,"column":29},"end":{"line":35,"column":30}},"loc":{"start":{"line":36,"column":12},"end":{"line":42,"column":null}}},"5":{"name":"(anonymous_5)","decl":{"start":{"line":38,"column":23},"end":{"line":38,"column":29}},"loc":{"start":{"line":38,"column":29},"end":{"line":38,"column":null}}}},"branchMap":{},"s":{"0":2,"1":6,"2":6,"3":6,"4":2,"5":2,"6":2,"7":6,"8":2,"9":6,"10":1,"11":1,"12":1,"13":6,"14":2,"15":1},"f":{"0":6,"1":2,"2":6,"3":1,"4":2,"5":1},"b":{}}
,"/Users/metadata/TestingProjects/react-vitest/src/components/03-components/YoutubeVideo.tsx": {"path":"/Users/metadata/TestingProjects/react-vitest/src/components/03-components/YoutubeVideo.tsx","statementMap":{"0":{"start":{"line":4,"column":50},"end":{"line":18,"column":null}},"1":{"start":{"line":5,"column":19},"end":{"line":5,"column":null}},"2":{"start":{"line":7,"column":2},"end":{"line":16,"column":null}}},"fnMap":{"0":{"name":"(anonymous_0)","decl":{"start":{"line":4,"column":50},"end":{"line":4,"column":51}},"loc":{"start":{"line":4,"column":67},"end":{"line":18,"column":null}}}},"branchMap":{},"s":{"0":1,"1":1,"2":1},"f":{"0":1},"b":{}}
,"/Users/metadata/TestingProjects/react-vitest/src/components/04-layouts/Container.tsx": {"path":"/Users/metadata/TestingProjects/react-vitest/src/components/04-layouts/Container.tsx","statementMap":{"0":{"start":{"line":4,"column":44},"end":{"line":6,"column":null}},"1":{"start":{"line":5,"column":4},"end":{"line":5,"column":null}}},"fnMap":{"0":{"name":"(anonymous_0)","decl":{"start":{"line":4,"column":44},"end":{"line":4,"column":45}},"loc":{"start":{"line":4,"column":62},"end":{"line":6,"column":null}}}},"branchMap":{},"s":{"0":2,"1":2},"f":{"0":2},"b":{}}
,"/Users/metadata/TestingProjects/react-vitest/src/components/04-layouts/Layout.tsx": {"path":"/Users/metadata/TestingProjects/react-vitest/src/components/04-layouts/Layout.tsx","statementMap":{"0":{"start":{"line":6,"column":22},"end":{"line":16,"column":null}},"1":{"start":{"line":7,"column":4},"end":{"line":14,"column":null}}},"fnMap":{"0":{"name":"(anonymous_0)","decl":{"start":{"line":6,"column":22},"end":{"line":6,"column":23}},"loc":{"start":{"line":6,"column":45},"end":{"line":16,"column":null}}}},"branchMap":{},"s":{"0":1,"1":1},"f":{"0":1},"b":{}}
,"/Users/metadata/TestingProjects/react-vitest/src/components/04-layouts/PostList.tsx": {"path":"/Users/metadata/TestingProjects/react-vitest/src/components/04-layouts/PostList.tsx","statementMap":{"0":{"start":{"line":5,"column":44},"end":{"line":29,"column":null}},"1":{"start":{"line":6,"column":4},"end":{"line":27,"column":null}},"2":{"start":{"line":11,"column":12},"end":{"line":18,"column":null}}},"fnMap":{"0":{"name":"(anonymous_0)","decl":{"start":{"line":5,"column":44},"end":{"line":5,"column":45}},"loc":{"start":{"line":5,"column":59},"end":{"line":29,"column":null}}},"1":{"name":"(anonymous_1)","decl":{"start":{"line":10,"column":23},"end":{"line":10,"column":24}},"loc":{"start":{"line":11,"column":12},"end":{"line":18,"column":null}}}},"branchMap":{},"s":{"0":1,"1":2,"2":6},"f":{"0":2,"1":6},"b":{}}
,"/Users/metadata/TestingProjects/react-vitest/src/components/05-pages/About.tsx": {"path":"/Users/metadata/TestingProjects/react-vitest/src/components/05-pages/About.tsx","statementMap":{"0":{"start":{"line":3,"column":14},"end":{"line":12,"column":null}},"1":{"start":{"line":14,"column":14},"end":{"line":21,"column":null}},"2":{"start":{"line":15,"column":2},"end":{"line":19,"column":null}}},"fnMap":{"0":{"name":"(anonymous_0)","decl":{"start":{"line":14,"column":14},"end":{"line":14,"column":20}},"loc":{"start":{"line":14,"column":20},"end":{"line":21,"column":null}}}},"branchMap":{},"s":{"0":1,"1":1,"2":1},"f":{"0":1},"b":{}}
,"/Users/metadata/TestingProjects/react-vitest/src/components/05-pages/Home.tsx": {"path":"/Users/metadata/TestingProjects/react-vitest/src/components/05-pages/Home.tsx","statementMap":{"0":{"start":{"line":3,"column":13},"end":{"line":14,"column":null}},"1":{"start":{"line":4,"column":2},"end":{"line":12,"column":null}}},"fnMap":{"0":{"name":"(anonymous_0)","decl":{"start":{"line":3,"column":13},"end":{"line":3,"column":19}},"loc":{"start":{"line":3,"column":19},"end":{"line":14,"column":null}}}},"branchMap":{},"s":{"0":1,"1":1},"f":{"0":1},"b":{}}
,"/Users/metadata/TestingProjects/react-vitest/src/store/postStore.ts": {"path":"/Users/metadata/TestingProjects/react-vitest/src/store/postStore.ts","statementMap":{"0":{"start":{"line":5,"column":23},"end":{"line":8,"column":null}},"1":{"start":{"line":6,"column":17},"end":{"line":6,"column":null}},"2":{"start":{"line":7,"column":4},"end":{"line":7,"column":null}},"3":{"start":{"line":9,"column":21},"end":{"line":11,"column":null}},"4":{"start":{"line":15,"column":28},"end":{"line":38,"column":null}},"5":{"start":{"line":15,"column":61},"end":{"line":38,"column":2}},"6":{"start":{"line":18,"column":8},"end":{"line":18,"column":null}},"7":{"start":{"line":19,"column":8},"end":{"line":20,"column":null}},"8":{"start":{"line":20,"column":24},"end":{"line":20,"column":58}},"9":{"start":{"line":21,"column":8},"end":{"line":21,"column":null}},"10":{"start":{"line":24,"column":8},"end":{"line":26,"column":null}},"11":{"start":{"line":24,"column":24},"end":{"line":26,"column":10}},"12":{"start":{"line":25,"column":45},"end":{"line":25,"column":55}},"13":{"start":{"line":28,"column":8},"end":{"line":30,"column":null}},"14":{"start":{"line":28,"column":24},"end":{"line":30,"column":10}},"15":{"start":{"line":29,"column":43},"end":{"line":29,"column":71}},"16":{"start":{"line":32,"column":21},"end":{"line":32,"column":null}},"17":{"start":{"line":33,"column":21},"end":{"line":33,"column":null}},"18":{"start":{"line":33,"column":44},"end":{"line":33,"column":55}},"19":{"start":{"line":34,"column":8},"end":{"line":34,"column":null}}},"fnMap":{"0":{"name":"(anonymous_0)","decl":{"start":{"line":5,"column":23},"end":{"line":5,"column":29}},"loc":{"start":{"line":5,"column":29},"end":{"line":8,"column":null}}},"1":{"name":"(anonymous_1)","decl":{"start":{"line":15,"column":46},"end":{"line":15,"column":47}},"loc":{"start":{"line":15,"column":61},"end":{"line":38,"column":2}}},"2":{"name":"(anonymous_2)","decl":{"start":{"line":17,"column":13},"end":{"line":17,"column":14}},"loc":{"start":{"line":17,"column":23},"end":{"line":22,"column":null}}},"3":{"name":"(anonymous_3)","decl":{"start":{"line":20,"column":12},"end":{"line":20,"column":13}},"loc":{"start":{"line":20,"column":24},"end":{"line":20,"column":58}}},"4":{"name":"(anonymous_4)","decl":{"start":{"line":23,"column":16},"end":{"line":23,"column":17}},"loc":{"start":{"line":24,"column":8},"end":{"line":26,"column":null}}},"5":{"name":"(anonymous_5)","decl":{"start":{"line":24,"column":12},"end":{"line":24,"column":13}},"loc":{"start":{"line":24,"column":24},"end":{"line":26,"column":10}}},"6":{"name":"(anonymous_6)","decl":{"start":{"line":25,"column":38},"end":{"line":25,"column":39}},"loc":{"start":{"line":25,"column":45},"end":{"line":25,"column":55}}},"7":{"name":"(anonymous_7)","decl":{"start":{"line":27,"column":14},"end":{"line":27,"column":15}},"loc":{"start":{"line":28,"column":8},"end":{"line":30,"column":null}}},"8":{"name":"(anonymous_8)","decl":{"start":{"line":28,"column":12},"end":{"line":28,"column":13}},"loc":{"start":{"line":28,"column":24},"end":{"line":30,"column":10}}},"9":{"name":"(anonymous_9)","decl":{"start":{"line":29,"column":35},"end":{"line":29,"column":36}},"loc":{"start":{"line":29,"column":43},"end":{"line":29,"column":71}}},"10":{"name":"(anonymous_10)","decl":{"start":{"line":31,"column":13},"end":{"line":31,"column":14}},"loc":{"start":{"line":31,"column":29},"end":{"line":35,"column":null}}},"11":{"name":"(anonymous_11)","decl":{"start":{"line":33,"column":37},"end":{"line":33,"column":38}},"loc":{"start":{"line":33,"column":44},"end":{"line":33,"column":55}}}},"branchMap":{"0":{"loc":{"start":{"line":7,"column":11},"end":{"line":7,"column":null}},"type":"cond-expr","locations":[{"start":{"line":7,"column":18},"end":{"line":7,"column":37}},{"start":{"line":7,"column":37},"end":{"line":7,"column":null}}]},"1":{"loc":{"start":{"line":29,"column":43},"end":{"line":29,"column":71}},"type":"cond-expr","locations":[{"start":{"line":29,"column":62},"end":{"line":29,"column":69}},{"start":{"line":29,"column":69},"end":{"line":29,"column":71}}]}},"s":{"0":2,"1":2,"2":2,"3":2,"4":2,"5":2,"6":3,"7":3,"8":3,"9":3,"10":0,"11":0,"12":0,"13":1,"14":1,"15":2,"16":1,"17":1,"18":3,"19":1},"f":{"0":2,"1":2,"2":3,"3":3,"4":0,"5":0,"6":0,"7":1,"8":1,"9":2,"10":1,"11":3},"b":{"0":[0,2],"1":[0,2]}}
}
